2023-12-16 21:50:33,940:WARNING:
'cuml' is a soft dependency and not included in the pycaret installation. Please run: `pip install cuml` to install.
2023-12-16 21:50:33,940:WARNING:
'cuml' is a soft dependency and not included in the pycaret installation. Please run: `pip install cuml` to install.
2023-12-16 21:50:33,940:WARNING:
'cuml' is a soft dependency and not included in the pycaret installation. Please run: `pip install cuml` to install.
2023-12-16 21:50:33,940:WARNING:
'cuml' is a soft dependency and not included in the pycaret installation. Please run: `pip install cuml` to install.
2023-12-16 22:17:04,547:WARNING:
'cuml' is a soft dependency and not included in the pycaret installation. Please run: `pip install cuml` to install.
2023-12-16 22:17:04,558:WARNING:
'cuml' is a soft dependency and not included in the pycaret installation. Please run: `pip install cuml` to install.
2023-12-16 22:17:04,558:WARNING:
'cuml' is a soft dependency and not included in the pycaret installation. Please run: `pip install cuml` to install.
2023-12-16 22:17:04,558:WARNING:
'cuml' is a soft dependency and not included in the pycaret installation. Please run: `pip install cuml` to install.
2023-12-18 21:07:25,298:WARNING:
'cuml' is a soft dependency and not included in the pycaret installation. Please run: `pip install cuml` to install.
2023-12-18 21:07:25,300:WARNING:
'cuml' is a soft dependency and not included in the pycaret installation. Please run: `pip install cuml` to install.
2023-12-18 21:07:25,300:WARNING:
'cuml' is a soft dependency and not included in the pycaret installation. Please run: `pip install cuml` to install.
2023-12-18 21:07:25,300:WARNING:
'cuml' is a soft dependency and not included in the pycaret installation. Please run: `pip install cuml` to install.
2023-12-18 21:07:38,172:INFO:Initializing load_model()
2023-12-18 21:07:38,172:INFO:load_model(model_name=randoforest-employee, platform=None, authentication=None, verbose=True)
2023-12-18 21:08:21,824:INFO:Initializing load_model()
2023-12-18 21:08:21,824:INFO:load_model(model_name=randoforest-employee, platform=None, authentication=None, verbose=True)
2023-12-18 21:08:23,280:WARNING:C:\Users\joao.ribeiro\AppData\Local\anaconda3\Lib\site-packages\pycaret\internal\pipeline.py:145: UserWarning: Version mismatch:
current: {'deps_info': {'pip': '23.2.1', 'setuptools': '68.0.0', 'pycaret': '3.2.0', 'IPython': '8.15.0', 'ipywidgets': '8.0.4', 'tqdm': '4.65.0', 'numpy': '1.24.3', 'pandas': '1.5.3', 'jinja2': '3.1.2', 'scipy': '1.10.1', 'joblib': '1.2.0', 'sklearn': '1.2.2', 'pyod': '1.1.2', 'imblearn': '0.10.1', 'category_encoders': '2.6.3', 'lightgbm': '4.1.0', 'numba': '0.57.1', 'requests': '2.31.0', 'matplotlib': '3.6.0', 'scikitplot': '0.3.7', 'yellowbrick': '1.5', 'plotly': '5.9.0', 'plotly-resampler': 'Not installed', 'kaleido': '0.2.1', 'schemdraw': '0.15', 'statsmodels': '0.14.0', 'sktime': '0.21.1', 'tbats': '1.1.3', 'pmdarima': '2.0.4', 'psutil': '5.9.0', 'markupsafe': '2.1.1', 'pickle5': 'Not installed', 'cloudpickle': '2.2.1', 'deprecation': '2.1.0', 'xxhash': '2.0.2', 'wurlitzer': 'Not installed'}, 'python': {'version': '3.11.5', 'machine': 'AMD64'}}
pickle: {'deps_info': {'pip': '23.1.2', 'setuptools': '67.7.2', 'pycaret': '3.2.0', 'IPython': '7.34.0', 'ipywidgets': '7.7.1', 'tqdm': '4.66.1', 'numpy': '1.23.5', 'pandas': '1.5.3', 'jinja2': '3.1.2', 'scipy': '1.10.1', 'joblib': '1.3.2', 'sklearn': '1.2.2', 'pyod': '1.1.2', 'imblearn': '0.10.1', 'category_encoders': '2.6.3', 'lightgbm': '4.1.0', 'numba': '0.58.1', 'requests': '2.31.0', 'matplotlib': '3.6.0', 'scikitplot': '0.3.7', 'yellowbrick': '1.5', 'plotly': '5.15.0', 'plotly-resampler': 'Not installed', 'kaleido': '0.2.1', 'schemdraw': '0.15', 'statsmodels': '0.14.0', 'sktime': '0.21.1', 'tbats': '1.1.3', 'pmdarima': '2.0.4', 'psutil': '5.9.5', 'markupsafe': '2.1.3', 'pickle5': 'Not installed', 'cloudpickle': '2.2.1', 'deprecation': '2.1.0', 'xxhash': '3.4.1', 'wurlitzer': '3.0.3'}, 'python': {'version': '3.10.12', 'machine': 'x86_64'}}
  warnings.warn(

2023-12-18 21:08:23,291:INFO:Initializing predict_model()
2023-12-18 21:08:23,291:INFO:predict_model(self=<pycaret.regression.oop.RegressionExperiment object at 0x000001D321172F10>, estimator=Pipeline(memory=Memory(location=None),
         steps=[('numerical_imputer',
                 TransformerWrapper(include=['satisfaction_level',
                                             'last_evaluation',
                                             'number_project',
                                             'average_montly_hours',
                                             'time_spend_company',
                                             'Work_accident',
                                             'promotion_last_5years'],
                                    transformer=SimpleImputer())),
                ('categorical_imputer',
                 TransformerWrapper(include=['department', 'salary'],
                                    transformer=SimpleImputer(strategy='most_frequent'))),
                ('onehot_encoding',
                 TransformerWrapper(include=['department', 'salary'],
                                    transformer=OneHotEncoder(cols=['department',
                                                                    'salary'],
                                                              handle_missing='return_nan',
                                                              use_cat_names=True))),
                ('actual_estimator',
                 RandomForestClassifier(n_jobs=-1, random_state=123))]), probability_threshold=None, encoded_labels=False, raw_score=False, round=4, verbose=True, ml_usecase=None, preprocess=True, encode_labels=<function _SupervisedExperiment.predict_model.<locals>.encode_labels at 0x000001D307D62DE0>)
2023-12-18 21:08:23,291:INFO:Checking exceptions
2023-12-18 21:08:23,291:INFO:Preloading libraries
2023-12-18 21:08:23,291:INFO:Set up data.
2023-12-18 21:08:23,295:INFO:Set up index.
2023-12-18 21:08:56,478:INFO:Initializing load_model()
2023-12-18 21:08:56,478:INFO:load_model(model_name=randoforest-employee, platform=None, authentication=None, verbose=True)
2023-12-18 21:08:56,538:WARNING:C:\Users\joao.ribeiro\AppData\Local\anaconda3\Lib\site-packages\pycaret\internal\pipeline.py:145: UserWarning: Version mismatch:
current: {'deps_info': {'pip': '23.2.1', 'setuptools': '68.0.0', 'pycaret': '3.2.0', 'IPython': '8.15.0', 'ipywidgets': '8.0.4', 'tqdm': '4.65.0', 'numpy': '1.24.3', 'pandas': '1.5.3', 'jinja2': '3.1.2', 'scipy': '1.10.1', 'joblib': '1.2.0', 'sklearn': '1.2.2', 'pyod': '1.1.2', 'imblearn': '0.10.1', 'category_encoders': '2.6.3', 'lightgbm': '4.1.0', 'numba': '0.57.1', 'requests': '2.31.0', 'matplotlib': '3.6.0', 'scikitplot': '0.3.7', 'yellowbrick': '1.5', 'plotly': '5.9.0', 'plotly-resampler': 'Not installed', 'kaleido': '0.2.1', 'schemdraw': '0.15', 'statsmodels': '0.14.0', 'sktime': '0.21.1', 'tbats': '1.1.3', 'pmdarima': '2.0.4', 'psutil': '5.9.0', 'markupsafe': '2.1.1', 'pickle5': 'Not installed', 'cloudpickle': '2.2.1', 'deprecation': '2.1.0', 'xxhash': '2.0.2', 'wurlitzer': 'Not installed'}, 'python': {'version': '3.11.5', 'machine': 'AMD64'}}
pickle: {'deps_info': {'pip': '23.1.2', 'setuptools': '67.7.2', 'pycaret': '3.2.0', 'IPython': '7.34.0', 'ipywidgets': '7.7.1', 'tqdm': '4.66.1', 'numpy': '1.23.5', 'pandas': '1.5.3', 'jinja2': '3.1.2', 'scipy': '1.10.1', 'joblib': '1.3.2', 'sklearn': '1.2.2', 'pyod': '1.1.2', 'imblearn': '0.10.1', 'category_encoders': '2.6.3', 'lightgbm': '4.1.0', 'numba': '0.58.1', 'requests': '2.31.0', 'matplotlib': '3.6.0', 'scikitplot': '0.3.7', 'yellowbrick': '1.5', 'plotly': '5.15.0', 'plotly-resampler': 'Not installed', 'kaleido': '0.2.1', 'schemdraw': '0.15', 'statsmodels': '0.14.0', 'sktime': '0.21.1', 'tbats': '1.1.3', 'pmdarima': '2.0.4', 'psutil': '5.9.5', 'markupsafe': '2.1.3', 'pickle5': 'Not installed', 'cloudpickle': '2.2.1', 'deprecation': '2.1.0', 'xxhash': '3.4.1', 'wurlitzer': '3.0.3'}, 'python': {'version': '3.10.12', 'machine': 'x86_64'}}
  warnings.warn(

2023-12-18 21:08:56,548:INFO:Initializing predict_model()
2023-12-18 21:08:56,549:INFO:predict_model(self=<pycaret.regression.oop.RegressionExperiment object at 0x000001D3215EFE10>, estimator=Pipeline(memory=Memory(location=None),
         steps=[('numerical_imputer',
                 TransformerWrapper(include=['satisfaction_level',
                                             'last_evaluation',
                                             'number_project',
                                             'average_montly_hours',
                                             'time_spend_company',
                                             'Work_accident',
                                             'promotion_last_5years'],
                                    transformer=SimpleImputer())),
                ('categorical_imputer',
                 TransformerWrapper(include=['department', 'salary'],
                                    transformer=SimpleImputer(strategy='most_frequent'))),
                ('onehot_encoding',
                 TransformerWrapper(include=['department', 'salary'],
                                    transformer=OneHotEncoder(cols=['department',
                                                                    'salary'],
                                                              handle_missing='return_nan',
                                                              use_cat_names=True))),
                ('actual_estimator',
                 RandomForestClassifier(n_jobs=-1, random_state=123))]), probability_threshold=None, encoded_labels=False, raw_score=False, round=4, verbose=True, ml_usecase=None, preprocess=True, encode_labels=<function _SupervisedExperiment.predict_model.<locals>.encode_labels at 0x000001D321350FE0>)
2023-12-18 21:08:56,549:INFO:Checking exceptions
2023-12-18 21:08:56,549:INFO:Preloading libraries
2023-12-18 21:08:56,549:INFO:Set up data.
2023-12-18 21:08:56,555:INFO:Set up index.
2023-12-18 21:09:19,261:INFO:Initializing load_model()
2023-12-18 21:09:19,261:INFO:load_model(model_name=randoforest-employee, platform=None, authentication=None, verbose=True)
2023-12-18 21:09:19,318:WARNING:C:\Users\joao.ribeiro\AppData\Local\anaconda3\Lib\site-packages\pycaret\internal\pipeline.py:145: UserWarning: Version mismatch:
current: {'deps_info': {'pip': '23.2.1', 'setuptools': '68.0.0', 'pycaret': '3.2.0', 'IPython': '8.15.0', 'ipywidgets': '8.0.4', 'tqdm': '4.65.0', 'numpy': '1.24.3', 'pandas': '1.5.3', 'jinja2': '3.1.2', 'scipy': '1.10.1', 'joblib': '1.2.0', 'sklearn': '1.2.2', 'pyod': '1.1.2', 'imblearn': '0.10.1', 'category_encoders': '2.6.3', 'lightgbm': '4.1.0', 'numba': '0.57.1', 'requests': '2.31.0', 'matplotlib': '3.6.0', 'scikitplot': '0.3.7', 'yellowbrick': '1.5', 'plotly': '5.9.0', 'plotly-resampler': 'Not installed', 'kaleido': '0.2.1', 'schemdraw': '0.15', 'statsmodels': '0.14.0', 'sktime': '0.21.1', 'tbats': '1.1.3', 'pmdarima': '2.0.4', 'psutil': '5.9.0', 'markupsafe': '2.1.1', 'pickle5': 'Not installed', 'cloudpickle': '2.2.1', 'deprecation': '2.1.0', 'xxhash': '2.0.2', 'wurlitzer': 'Not installed'}, 'python': {'version': '3.11.5', 'machine': 'AMD64'}}
pickle: {'deps_info': {'pip': '23.1.2', 'setuptools': '67.7.2', 'pycaret': '3.2.0', 'IPython': '7.34.0', 'ipywidgets': '7.7.1', 'tqdm': '4.66.1', 'numpy': '1.23.5', 'pandas': '1.5.3', 'jinja2': '3.1.2', 'scipy': '1.10.1', 'joblib': '1.3.2', 'sklearn': '1.2.2', 'pyod': '1.1.2', 'imblearn': '0.10.1', 'category_encoders': '2.6.3', 'lightgbm': '4.1.0', 'numba': '0.58.1', 'requests': '2.31.0', 'matplotlib': '3.6.0', 'scikitplot': '0.3.7', 'yellowbrick': '1.5', 'plotly': '5.15.0', 'plotly-resampler': 'Not installed', 'kaleido': '0.2.1', 'schemdraw': '0.15', 'statsmodels': '0.14.0', 'sktime': '0.21.1', 'tbats': '1.1.3', 'pmdarima': '2.0.4', 'psutil': '5.9.5', 'markupsafe': '2.1.3', 'pickle5': 'Not installed', 'cloudpickle': '2.2.1', 'deprecation': '2.1.0', 'xxhash': '3.4.1', 'wurlitzer': '3.0.3'}, 'python': {'version': '3.10.12', 'machine': 'x86_64'}}
  warnings.warn(

2023-12-18 21:09:19,329:INFO:Initializing predict_model()
2023-12-18 21:09:19,330:INFO:predict_model(self=<pycaret.regression.oop.RegressionExperiment object at 0x000001D31EA8C190>, estimator=Pipeline(memory=Memory(location=None),
         steps=[('numerical_imputer',
                 TransformerWrapper(include=['satisfaction_level',
                                             'last_evaluation',
                                             'number_project',
                                             'average_montly_hours',
                                             'time_spend_company',
                                             'Work_accident',
                                             'promotion_last_5years'],
                                    transformer=SimpleImputer())),
                ('categorical_imputer',
                 TransformerWrapper(include=['department', 'salary'],
                                    transformer=SimpleImputer(strategy='most_frequent'))),
                ('onehot_encoding',
                 TransformerWrapper(include=['department', 'salary'],
                                    transformer=OneHotEncoder(cols=['department',
                                                                    'salary'],
                                                              handle_missing='return_nan',
                                                              use_cat_names=True))),
                ('actual_estimator',
                 RandomForestClassifier(n_jobs=-1, random_state=123))]), probability_threshold=None, encoded_labels=False, raw_score=False, round=4, verbose=True, ml_usecase=None, preprocess=True, encode_labels=<function _SupervisedExperiment.predict_model.<locals>.encode_labels at 0x000001D321351800>)
2023-12-18 21:09:19,330:INFO:Checking exceptions
2023-12-18 21:09:19,330:INFO:Preloading libraries
2023-12-18 21:09:19,330:INFO:Set up data.
2023-12-18 21:09:19,336:INFO:Set up index.
2023-12-21 11:00:05,494:WARNING:
'cuml' is a soft dependency and not included in the pycaret installation. Please run: `pip install cuml` to install.
2023-12-21 11:00:05,506:WARNING:
'cuml' is a soft dependency and not included in the pycaret installation. Please run: `pip install cuml` to install.
2023-12-21 11:00:05,506:WARNING:
'cuml' is a soft dependency and not included in the pycaret installation. Please run: `pip install cuml` to install.
2023-12-21 11:00:05,506:WARNING:
'cuml' is a soft dependency and not included in the pycaret installation. Please run: `pip install cuml` to install.
